0 info it worked if it ends with ok
1 verbose cli [ 'C:\\Program Files\\nodejs\\node.exe',
1 verbose cli   'C:\\Program Files\\nodejs\\node_modules\\npm\\bin\\npm-cli.js',
1 verbose cli   'install',
1 verbose cli   'grunt-phpdocumentor',
1 verbose cli   '--save-dev' ]
2 info using npm@2.15.9
3 info using node@v4.5.0
4 verbose install initial load of C:\Users\Emil\Documents\Websites\ucl.dev\wp-content\themes\child\package.json
5 warn package.json enfold-child-theme@1.0.0 No README data
6 verbose installManyTop reading scoped package data from C:\Users\Emil\Documents\Websites\ucl.dev\wp-content\themes\child\node_modules\abbrev\package.json
7 verbose installManyTop reading scoped package data from C:\Users\Emil\Documents\Websites\ucl.dev\wp-content\themes\child\node_modules\align-text\package.json
8 verbose installManyTop reading scoped package data from C:\Users\Emil\Documents\Websites\ucl.dev\wp-content\themes\child\node_modules\ansi-regex\package.json
9 verbose installManyTop reading scoped package data from C:\Users\Emil\Documents\Websites\ucl.dev\wp-content\themes\child\node_modules\ansi-styles\package.json
10 verbose installManyTop reading scoped package data from C:\Users\Emil\Documents\Websites\ucl.dev\wp-content\themes\child\node_modules\argparse\package.json
11 verbose installManyTop reading scoped package data from C:\Users\Emil\Documents\Websites\ucl.dev\wp-content\themes\child\node_modules\array-find-index\package.json
12 verbose installManyTop reading scoped package data from C:\Users\Emil\Documents\Websites\ucl.dev\wp-content\themes\child\node_modules\array-uniq\package.json
13 verbose installManyTop reading scoped package data from C:\Users\Emil\Documents\Websites\ucl.dev\wp-content\themes\child\node_modules\asn1\package.json
14 verbose installManyTop reading scoped package data from C:\Users\Emil\Documents\Websites\ucl.dev\wp-content\themes\child\node_modules\assert-plus\package.json
15 verbose installManyTop reading scoped package data from C:\Users\Emil\Documents\Websites\ucl.dev\wp-content\themes\child\node_modules\async\package.json
16 verbose installManyTop reading scoped package data from C:\Users\Emil\Documents\Websites\ucl.dev\wp-content\themes\child\node_modules\aws-sign2\package.json
17 verbose installManyTop reading scoped package data from C:\Users\Emil\Documents\Websites\ucl.dev\wp-content\themes\child\node_modules\balanced-match\package.json
18 verbose installManyTop reading scoped package data from C:\Users\Emil\Documents\Websites\ucl.dev\wp-content\themes\child\node_modules\bin-version\package.json
19 verbose installManyTop reading scoped package data from C:\Users\Emil\Documents\Websites\ucl.dev\wp-content\themes\child\node_modules\bin-version-check\package.json
20 verbose installManyTop reading scoped package data from C:\Users\Emil\Documents\Websites\ucl.dev\wp-content\themes\child\node_modules\bl\package.json
21 verbose installManyTop reading scoped package data from C:\Users\Emil\Documents\Websites\ucl.dev\wp-content\themes\child\node_modules\bluebird\package.json
22 verbose installManyTop reading scoped package data from C:\Users\Emil\Documents\Websites\ucl.dev\wp-content\themes\child\node_modules\body-parser\package.json
23 verbose installManyTop reading scoped package data from C:\Users\Emil\Documents\Websites\ucl.dev\wp-content\themes\child\node_modules\boom\package.json
24 verbose installManyTop reading scoped package data from C:\Users\Emil\Documents\Websites\ucl.dev\wp-content\themes\child\node_modules\brace-expansion\package.json
25 verbose installManyTop reading scoped package data from C:\Users\Emil\Documents\Websites\ucl.dev\wp-content\themes\child\node_modules\browserify-zlib\package.json
26 verbose installManyTop reading scoped package data from C:\Users\Emil\Documents\Websites\ucl.dev\wp-content\themes\child\node_modules\builtin-modules\package.json
27 verbose installManyTop reading scoped package data from C:\Users\Emil\Documents\Websites\ucl.dev\wp-content\themes\child\node_modules\bytes\package.json
28 verbose installManyTop reading scoped package data from C:\Users\Emil\Documents\Websites\ucl.dev\wp-content\themes\child\node_modules\camelcase\package.json
29 verbose installManyTop reading scoped package data from C:\Users\Emil\Documents\Websites\ucl.dev\wp-content\themes\child\node_modules\camelcase-keys\package.json
30 verbose installManyTop reading scoped package data from C:\Users\Emil\Documents\Websites\ucl.dev\wp-content\themes\child\node_modules\caseless\package.json
31 verbose installManyTop reading scoped package data from C:\Users\Emil\Documents\Websites\ucl.dev\wp-content\themes\child\node_modules\center-align\package.json
32 verbose installManyTop reading scoped package data from C:\Users\Emil\Documents\Websites\ucl.dev\wp-content\themes\child\node_modules\chalk\package.json
33 verbose installManyTop reading scoped package data from C:\Users\Emil\Documents\Websites\ucl.dev\wp-content\themes\child\node_modules\cli\package.json
34 verbose installManyTop reading scoped package data from C:\Users\Emil\Documents\Websites\ucl.dev\wp-content\themes\child\node_modules\cliui\package.json
35 verbose installManyTop reading scoped package data from C:\Users\Emil\Documents\Websites\ucl.dev\wp-content\themes\child\node_modules\coffee-script\package.json
36 verbose installManyTop reading scoped package data from C:\Users\Emil\Documents\Websites\ucl.dev\wp-content\themes\child\node_modules\colors\package.json
37 verbose installManyTop reading scoped package data from C:\Users\Emil\Documents\Websites\ucl.dev\wp-content\themes\child\node_modules\combined-stream\package.json
38 verbose installManyTop reading scoped package data from C:\Users\Emil\Documents\Websites\ucl.dev\wp-content\themes\child\node_modules\commander\package.json
39 verbose installManyTop reading scoped package data from C:\Users\Emil\Documents\Websites\ucl.dev\wp-content\themes\child\node_modules\compass\package.json
40 verbose installManyTop reading scoped package data from C:\Users\Emil\Documents\Websites\ucl.dev\wp-content\themes\child\node_modules\concat-map\package.json
41 verbose installManyTop reading scoped package data from C:\Users\Emil\Documents\Websites\ucl.dev\wp-content\themes\child\node_modules\concat-stream\package.json
42 verbose installManyTop reading scoped package data from C:\Users\Emil\Documents\Websites\ucl.dev\wp-content\themes\child\node_modules\console-browserify\package.json
43 verbose installManyTop reading scoped package data from C:\Users\Emil\Documents\Websites\ucl.dev\wp-content\themes\child\node_modules\content-type\package.json
44 verbose installManyTop reading scoped package data from C:\Users\Emil\Documents\Websites\ucl.dev\wp-content\themes\child\node_modules\core-util-is\package.json
45 verbose installManyTop reading scoped package data from C:\Users\Emil\Documents\Websites\ucl.dev\wp-content\themes\child\node_modules\cross-spawn\package.json
46 verbose installManyTop reading scoped package data from C:\Users\Emil\Documents\Websites\ucl.dev\wp-content\themes\child\node_modules\cryptiles\package.json
47 verbose installManyTop reading scoped package data from C:\Users\Emil\Documents\Websites\ucl.dev\wp-content\themes\child\node_modules\ctype\package.json
48 verbose installManyTop reading scoped package data from C:\Users\Emil\Documents\Websites\ucl.dev\wp-content\themes\child\node_modules\currently-unhandled\package.json
49 verbose installManyTop reading scoped package data from C:\Users\Emil\Documents\Websites\ucl.dev\wp-content\themes\child\node_modules\dargs\package.json
50 verbose installManyTop reading scoped package data from C:\Users\Emil\Documents\Websites\ucl.dev\wp-content\themes\child\node_modules\date-now\package.json
51 verbose installManyTop reading scoped package data from C:\Users\Emil\Documents\Websites\ucl.dev\wp-content\themes\child\node_modules\dateformat\package.json
52 verbose installManyTop reading scoped package data from C:\Users\Emil\Documents\Websites\ucl.dev\wp-content\themes\child\node_modules\debug\package.json
53 verbose installManyTop reading scoped package data from C:\Users\Emil\Documents\Websites\ucl.dev\wp-content\themes\child\node_modules\decamelize\package.json
54 verbose installManyTop reading scoped package data from C:\Users\Emil\Documents\Websites\ucl.dev\wp-content\themes\child\node_modules\delayed-stream\package.json
55 verbose installManyTop reading scoped package data from C:\Users\Emil\Documents\Websites\ucl.dev\wp-content\themes\child\node_modules\depd\package.json
56 verbose installManyTop reading scoped package data from C:\Users\Emil\Documents\Websites\ucl.dev\wp-content\themes\child\node_modules\dom-serializer\package.json
57 verbose installManyTop reading scoped package data from C:\Users\Emil\Documents\Websites\ucl.dev\wp-content\themes\child\node_modules\domelementtype\package.json
58 verbose installManyTop reading scoped package data from C:\Users\Emil\Documents\Websites\ucl.dev\wp-content\themes\child\node_modules\domhandler\package.json
59 verbose installManyTop reading scoped package data from C:\Users\Emil\Documents\Websites\ucl.dev\wp-content\themes\child\node_modules\domutils\package.json
60 verbose installManyTop reading scoped package data from C:\Users\Emil\Documents\Websites\ucl.dev\wp-content\themes\child\node_modules\ee-first\package.json
61 verbose installManyTop reading scoped package data from C:\Users\Emil\Documents\Websites\ucl.dev\wp-content\themes\child\node_modules\encoding\package.json
62 verbose installManyTop reading scoped package data from C:\Users\Emil\Documents\Websites\ucl.dev\wp-content\themes\child\node_modules\entities\package.json
63 verbose installManyTop reading scoped package data from C:\Users\Emil\Documents\Websites\ucl.dev\wp-content\themes\child\node_modules\error-ex\package.json
64 verbose installManyTop reading scoped package data from C:\Users\Emil\Documents\Websites\ucl.dev\wp-content\themes\child\node_modules\escape-string-regexp\package.json
65 verbose installManyTop reading scoped package data from C:\Users\Emil\Documents\Websites\ucl.dev\wp-content\themes\child\node_modules\esprima\package.json
66 verbose installManyTop reading scoped package data from C:\Users\Emil\Documents\Websites\ucl.dev\wp-content\themes\child\node_modules\eventemitter2\package.json
67 verbose installManyTop reading scoped package data from C:\Users\Emil\Documents\Websites\ucl.dev\wp-content\themes\child\node_modules\exit\package.json
68 verbose installManyTop reading scoped package data from C:\Users\Emil\Documents\Websites\ucl.dev\wp-content\themes\child\node_modules\faye-websocket\package.json
69 verbose installManyTop reading scoped package data from C:\Users\Emil\Documents\Websites\ucl.dev\wp-content\themes\child\node_modules\figures\package.json
70 verbose installManyTop reading scoped package data from C:\Users\Emil\Documents\Websites\ucl.dev\wp-content\themes\child\node_modules\file-sync-cmp\package.json
71 verbose installManyTop reading scoped package data from C:\Users\Emil\Documents\Websites\ucl.dev\wp-content\themes\child\node_modules\find-up\package.json
72 verbose installManyTop reading scoped package data from C:\Users\Emil\Documents\Websites\ucl.dev\wp-content\themes\child\node_modules\find-versions\package.json
73 verbose installManyTop reading scoped package data from C:\Users\Emil\Documents\Websites\ucl.dev\wp-content\themes\child\node_modules\findup-sync\package.json
74 verbose installManyTop reading scoped package data from C:\Users\Emil\Documents\Websites\ucl.dev\wp-content\themes\child\node_modules\forever-agent\package.json
75 verbose installManyTop reading scoped package data from C:\Users\Emil\Documents\Websites\ucl.dev\wp-content\themes\child\node_modules\form-data\package.json
76 verbose installManyTop reading scoped package data from C:\Users\Emil\Documents\Websites\ucl.dev\wp-content\themes\child\node_modules\fs.realpath\package.json
77 verbose installManyTop reading scoped package data from C:\Users\Emil\Documents\Websites\ucl.dev\wp-content\themes\child\node_modules\gaze\package.json
78 verbose installManyTop reading scoped package data from C:\Users\Emil\Documents\Websites\ucl.dev\wp-content\themes\child\node_modules\generate-function\package.json
79 verbose installManyTop reading scoped package data from C:\Users\Emil\Documents\Websites\ucl.dev\wp-content\themes\child\node_modules\generate-object-property\package.json
80 verbose installManyTop reading scoped package data from C:\Users\Emil\Documents\Websites\ucl.dev\wp-content\themes\child\node_modules\get-stdin\package.json
81 verbose installManyTop reading scoped package data from C:\Users\Emil\Documents\Websites\ucl.dev\wp-content\themes\child\node_modules\getobject\package.json
82 verbose installManyTop reading scoped package data from C:\Users\Emil\Documents\Websites\ucl.dev\wp-content\themes\child\node_modules\gettext-parser\package.json
83 verbose installManyTop reading scoped package data from C:\Users\Emil\Documents\Websites\ucl.dev\wp-content\themes\child\node_modules\glob\package.json
84 verbose installManyTop reading scoped package data from C:\Users\Emil\Documents\Websites\ucl.dev\wp-content\themes\child\node_modules\globule\package.json
85 verbose installManyTop reading scoped package data from C:\Users\Emil\Documents\Websites\ucl.dev\wp-content\themes\child\node_modules\graceful-fs\package.json
86 verbose installManyTop reading scoped package data from C:\Users\Emil\Documents\Websites\ucl.dev\wp-content\themes\child\node_modules\graceful-readlink\package.json
87 verbose installManyTop reading scoped package data from C:\Users\Emil\Documents\Websites\ucl.dev\wp-content\themes\child\node_modules\grunt\package.json
88 verbose installManyTop reading scoped package data from C:\Users\Emil\Documents\Websites\ucl.dev\wp-content\themes\child\node_modules\grunt-contrib-compass\package.json
89 verbose installManyTop reading scoped package data from C:\Users\Emil\Documents\Websites\ucl.dev\wp-content\themes\child\node_modules\grunt-contrib-copy\package.json
90 verbose installManyTop reading scoped package data from C:\Users\Emil\Documents\Websites\ucl.dev\wp-content\themes\child\node_modules\grunt-contrib-jshint\package.json
91 verbose installManyTop reading scoped package data from C:\Users\Emil\Documents\Websites\ucl.dev\wp-content\themes\child\node_modules\grunt-contrib-sass\package.json
92 verbose installManyTop reading scoped package data from C:\Users\Emil\Documents\Websites\ucl.dev\wp-content\themes\child\node_modules\grunt-contrib-uglify\package.json
93 verbose installManyTop reading scoped package data from C:\Users\Emil\Documents\Websites\ucl.dev\wp-content\themes\child\node_modules\grunt-contrib-watch\package.json
94 verbose installManyTop reading scoped package data from C:\Users\Emil\Documents\Websites\ucl.dev\wp-content\themes\child\node_modules\grunt-curl\package.json
95 verbose installManyTop reading scoped package data from C:\Users\Emil\Documents\Websites\ucl.dev\wp-content\themes\child\node_modules\grunt-legacy-log\package.json
96 verbose installManyTop reading scoped package data from C:\Users\Emil\Documents\Websites\ucl.dev\wp-content\themes\child\node_modules\grunt-legacy-log-utils\package.json
97 verbose installManyTop reading scoped package data from C:\Users\Emil\Documents\Websites\ucl.dev\wp-content\themes\child\node_modules\grunt-legacy-util\package.json
98 verbose installManyTop reading scoped package data from C:\Users\Emil\Documents\Websites\ucl.dev\wp-content\themes\child\node_modules\grunt-retro\package.json
99 verbose installManyTop reading scoped package data from C:\Users\Emil\Documents\Websites\ucl.dev\wp-content\themes\child\node_modules\grunt-wp-i18n\package.json
100 verbose installManyTop reading scoped package data from C:\Users\Emil\Documents\Websites\ucl.dev\wp-content\themes\child\node_modules\gzip-size\package.json
101 verbose installManyTop reading scoped package data from C:\Users\Emil\Documents\Websites\ucl.dev\wp-content\themes\child\node_modules\har-validator\package.json
102 verbose installManyTop reading scoped package data from C:\Users\Emil\Documents\Websites\ucl.dev\wp-content\themes\child\node_modules\has-ansi\package.json
103 verbose installManyTop reading scoped package data from C:\Users\Emil\Documents\Websites\ucl.dev\wp-content\themes\child\node_modules\hawk\package.json
104 verbose installManyTop reading scoped package data from C:\Users\Emil\Documents\Websites\ucl.dev\wp-content\themes\child\node_modules\hoek\package.json
105 verbose installManyTop reading scoped package data from C:\Users\Emil\Documents\Websites\ucl.dev\wp-content\themes\child\node_modules\hooker\package.json
106 verbose installManyTop reading scoped package data from C:\Users\Emil\Documents\Websites\ucl.dev\wp-content\themes\child\node_modules\hosted-git-info\package.json
107 verbose installManyTop reading scoped package data from C:\Users\Emil\Documents\Websites\ucl.dev\wp-content\themes\child\node_modules\htmlparser2\package.json
108 verbose installManyTop reading scoped package data from C:\Users\Emil\Documents\Websites\ucl.dev\wp-content\themes\child\node_modules\http-errors\package.json
109 verbose installManyTop reading scoped package data from C:\Users\Emil\Documents\Websites\ucl.dev\wp-content\themes\child\node_modules\http-signature\package.json
110 verbose installManyTop reading scoped package data from C:\Users\Emil\Documents\Websites\ucl.dev\wp-content\themes\child\node_modules\iconv-lite\package.json
111 verbose installManyTop reading scoped package data from C:\Users\Emil\Documents\Websites\ucl.dev\wp-content\themes\child\node_modules\indent-string\package.json
112 verbose installManyTop reading scoped package data from C:\Users\Emil\Documents\Websites\ucl.dev\wp-content\themes\child\node_modules\inflight\package.json
113 verbose installManyTop reading scoped package data from C:\Users\Emil\Documents\Websites\ucl.dev\wp-content\themes\child\node_modules\inherits\package.json
114 verbose installManyTop reading scoped package data from C:\Users\Emil\Documents\Websites\ucl.dev\wp-content\themes\child\node_modules\is-arrayish\package.json
115 verbose installManyTop reading scoped package data from C:\Users\Emil\Documents\Websites\ucl.dev\wp-content\themes\child\node_modules\is-buffer\package.json
116 verbose installManyTop reading scoped package data from C:\Users\Emil\Documents\Websites\ucl.dev\wp-content\themes\child\node_modules\is-builtin-module\package.json
117 verbose installManyTop reading scoped package data from C:\Users\Emil\Documents\Websites\ucl.dev\wp-content\themes\child\node_modules\is-finite\package.json
118 verbose installManyTop reading scoped package data from C:\Users\Emil\Documents\Websites\ucl.dev\wp-content\themes\child\node_modules\is-my-json-valid\package.json
119 verbose installManyTop reading scoped package data from C:\Users\Emil\Documents\Websites\ucl.dev\wp-content\themes\child\node_modules\is-property\package.json
120 verbose installManyTop reading scoped package data from C:\Users\Emil\Documents\Websites\ucl.dev\wp-content\themes\child\node_modules\is-utf8\package.json
121 verbose installManyTop reading scoped package data from C:\Users\Emil\Documents\Websites\ucl.dev\wp-content\themes\child\node_modules\isarray\package.json
122 verbose installManyTop reading scoped package data from C:\Users\Emil\Documents\Websites\ucl.dev\wp-content\themes\child\node_modules\isexe\package.json
123 verbose installManyTop reading scoped package data from C:\Users\Emil\Documents\Websites\ucl.dev\wp-content\themes\child\node_modules\isstream\package.json
124 verbose installManyTop reading scoped package data from C:\Users\Emil\Documents\Websites\ucl.dev\wp-content\themes\child\node_modules\js-yaml\package.json
125 verbose installManyTop reading scoped package data from C:\Users\Emil\Documents\Websites\ucl.dev\wp-content\themes\child\node_modules\jshint\package.json
126 verbose installManyTop reading scoped package data from C:\Users\Emil\Documents\Websites\ucl.dev\wp-content\themes\child\node_modules\json-stringify-safe\package.json
127 verbose installManyTop reading scoped package data from C:\Users\Emil\Documents\Websites\ucl.dev\wp-content\themes\child\node_modules\jsonpointer\package.json
128 verbose installManyTop reading scoped package data from C:\Users\Emil\Documents\Websites\ucl.dev\wp-content\themes\child\node_modules\kind-of\package.json
129 verbose installManyTop reading scoped package data from C:\Users\Emil\Documents\Websites\ucl.dev\wp-content\themes\child\node_modules\lazy-cache\package.json
130 verbose installManyTop reading scoped package data from C:\Users\Emil\Documents\Websites\ucl.dev\wp-content\themes\child\node_modules\livereload-js\package.json
131 verbose installManyTop reading scoped package data from C:\Users\Emil\Documents\Websites\ucl.dev\wp-content\themes\child\node_modules\load-json-file\package.json
132 verbose installManyTop reading scoped package data from C:\Users\Emil\Documents\Websites\ucl.dev\wp-content\themes\child\node_modules\lodash\package.json
133 verbose installManyTop reading scoped package data from C:\Users\Emil\Documents\Websites\ucl.dev\wp-content\themes\child\node_modules\longest\package.json
134 verbose installManyTop reading scoped package data from C:\Users\Emil\Documents\Websites\ucl.dev\wp-content\themes\child\node_modules\loud-rejection\package.json
135 verbose installManyTop reading scoped package data from C:\Users\Emil\Documents\Websites\ucl.dev\wp-content\themes\child\node_modules\lru-cache\package.json
136 verbose installManyTop reading scoped package data from C:\Users\Emil\Documents\Websites\ucl.dev\wp-content\themes\child\node_modules\map-obj\package.json
137 verbose installManyTop reading scoped package data from C:\Users\Emil\Documents\Websites\ucl.dev\wp-content\themes\child\node_modules\maxmin\package.json
138 verbose installManyTop reading scoped package data from C:\Users\Emil\Documents\Websites\ucl.dev\wp-content\themes\child\node_modules\media-typer\package.json
139 verbose installManyTop reading scoped package data from C:\Users\Emil\Documents\Websites\ucl.dev\wp-content\themes\child\node_modules\meow\package.json
140 verbose installManyTop reading scoped package data from C:\Users\Emil\Documents\Websites\ucl.dev\wp-content\themes\child\node_modules\mime-db\package.json
141 verbose installManyTop reading scoped package data from C:\Users\Emil\Documents\Websites\ucl.dev\wp-content\themes\child\node_modules\mime-types\package.json
142 verbose installManyTop reading scoped package data from C:\Users\Emil\Documents\Websites\ucl.dev\wp-content\themes\child\node_modules\minimatch\package.json
143 verbose installManyTop reading scoped package data from C:\Users\Emil\Documents\Websites\ucl.dev\wp-content\themes\child\node_modules\minimist\package.json
144 verbose installManyTop reading scoped package data from C:\Users\Emil\Documents\Websites\ucl.dev\wp-content\themes\child\node_modules\ms\package.json
145 verbose installManyTop reading scoped package data from C:\Users\Emil\Documents\Websites\ucl.dev\wp-content\themes\child\node_modules\node-uuid\package.json
146 verbose installManyTop reading scoped package data from C:\Users\Emil\Documents\Websites\ucl.dev\wp-content\themes\child\node_modules\nopt\package.json
147 verbose installManyTop reading scoped package data from C:\Users\Emil\Documents\Websites\ucl.dev\wp-content\themes\child\node_modules\normalize-package-data\package.json
148 verbose installManyTop reading scoped package data from C:\Users\Emil\Documents\Websites\ucl.dev\wp-content\themes\child\node_modules\number-is-nan\package.json
149 verbose installManyTop reading scoped package data from C:\Users\Emil\Documents\Websites\ucl.dev\wp-content\themes\child\node_modules\oauth-sign\package.json
150 verbose installManyTop reading scoped package data from C:\Users\Emil\Documents\Websites\ucl.dev\wp-content\themes\child\node_modules\object-assign\package.json
151 verbose installManyTop reading scoped package data from C:\Users\Emil\Documents\Websites\ucl.dev\wp-content\themes\child\node_modules\on-finished\package.json
152 verbose installManyTop reading scoped package data from C:\Users\Emil\Documents\Websites\ucl.dev\wp-content\themes\child\node_modules\once\package.json
153 verbose installManyTop reading scoped package data from C:\Users\Emil\Documents\Websites\ucl.dev\wp-content\themes\child\node_modules\onetime\package.json
154 verbose installManyTop reading scoped package data from C:\Users\Emil\Documents\Websites\ucl.dev\wp-content\themes\child\node_modules\os-tmpdir\package.json
155 verbose installManyTop reading scoped package data from C:\Users\Emil\Documents\Websites\ucl.dev\wp-content\themes\child\node_modules\pako\package.json
156 verbose installManyTop reading scoped package data from C:\Users\Emil\Documents\Websites\ucl.dev\wp-content\themes\child\node_modules\parse-json\package.json
157 verbose installManyTop reading scoped package data from C:\Users\Emil\Documents\Websites\ucl.dev\wp-content\themes\child\node_modules\parseurl\package.json
158 verbose installManyTop reading scoped package data from C:\Users\Emil\Documents\Websites\ucl.dev\wp-content\themes\child\node_modules\path-exists\package.json
159 verbose installManyTop reading scoped package data from C:\Users\Emil\Documents\Websites\ucl.dev\wp-content\themes\child\node_modules\path-is-absolute\package.json
160 verbose installManyTop reading scoped package data from C:\Users\Emil\Documents\Websites\ucl.dev\wp-content\themes\child\node_modules\path-type\package.json
161 verbose installManyTop reading scoped package data from C:\Users\Emil\Documents\Websites\ucl.dev\wp-content\themes\child\node_modules\pify\package.json
162 verbose installManyTop reading scoped package data from C:\Users\Emil\Documents\Websites\ucl.dev\wp-content\themes\child\node_modules\pinkie\package.json
163 verbose installManyTop reading scoped package data from C:\Users\Emil\Documents\Websites\ucl.dev\wp-content\themes\child\node_modules\pinkie-promise\package.json
164 verbose installManyTop reading scoped package data from C:\Users\Emil\Documents\Websites\ucl.dev\wp-content\themes\child\node_modules\pretty-bytes\package.json
165 verbose installManyTop reading scoped package data from C:\Users\Emil\Documents\Websites\ucl.dev\wp-content\themes\child\node_modules\process-nextick-args\package.json
166 verbose installManyTop reading scoped package data from C:\Users\Emil\Documents\Websites\ucl.dev\wp-content\themes\child\node_modules\qs\package.json
167 verbose installManyTop reading scoped package data from C:\Users\Emil\Documents\Websites\ucl.dev\wp-content\themes\child\node_modules\raw-body\package.json
168 verbose installManyTop reading scoped package data from C:\Users\Emil\Documents\Websites\ucl.dev\wp-content\themes\child\node_modules\read-pkg\package.json
169 verbose installManyTop reading scoped package data from C:\Users\Emil\Documents\Websites\ucl.dev\wp-content\themes\child\node_modules\read-pkg-up\package.json
170 verbose installManyTop reading scoped package data from C:\Users\Emil\Documents\Websites\ucl.dev\wp-content\themes\child\node_modules\readable-stream\package.json
171 verbose installManyTop reading scoped package data from C:\Users\Emil\Documents\Websites\ucl.dev\wp-content\themes\child\node_modules\redent\package.json
172 verbose installManyTop reading scoped package data from C:\Users\Emil\Documents\Websites\ucl.dev\wp-content\themes\child\node_modules\repeat-string\package.json
173 verbose installManyTop reading scoped package data from C:\Users\Emil\Documents\Websites\ucl.dev\wp-content\themes\child\node_modules\repeating\package.json
174 verbose installManyTop reading scoped package data from C:\Users\Emil\Documents\Websites\ucl.dev\wp-content\themes\child\node_modules\request\package.json
175 verbose installManyTop reading scoped package data from C:\Users\Emil\Documents\Websites\ucl.dev\wp-content\themes\child\node_modules\right-align\package.json
176 verbose installManyTop reading scoped package data from C:\Users\Emil\Documents\Websites\ucl.dev\wp-content\themes\child\node_modules\rimraf\package.json
177 verbose installManyTop reading scoped package data from C:\Users\Emil\Documents\Websites\ucl.dev\wp-content\themes\child\node_modules\semver\package.json
178 verbose installManyTop reading scoped package data from C:\Users\Emil\Documents\Websites\ucl.dev\wp-content\themes\child\node_modules\semver-regex\package.json
179 verbose installManyTop reading scoped package data from C:\Users\Emil\Documents\Websites\ucl.dev\wp-content\themes\child\node_modules\semver-truncate\package.json
180 verbose installManyTop reading scoped package data from C:\Users\Emil\Documents\Websites\ucl.dev\wp-content\themes\child\node_modules\shelljs\package.json
181 verbose installManyTop reading scoped package data from C:\Users\Emil\Documents\Websites\ucl.dev\wp-content\themes\child\node_modules\sigmund\package.json
182 verbose installManyTop reading scoped package data from C:\Users\Emil\Documents\Websites\ucl.dev\wp-content\themes\child\node_modules\signal-exit\package.json
183 verbose installManyTop reading scoped package data from C:\Users\Emil\Documents\Websites\ucl.dev\wp-content\themes\child\node_modules\sntp\package.json
184 verbose installManyTop reading scoped package data from C:\Users\Emil\Documents\Websites\ucl.dev\wp-content\themes\child\node_modules\source-map\package.json
185 verbose installManyTop reading scoped package data from C:\Users\Emil\Documents\Websites\ucl.dev\wp-content\themes\child\node_modules\spdx-correct\package.json
186 verbose installManyTop reading scoped package data from C:\Users\Emil\Documents\Websites\ucl.dev\wp-content\themes\child\node_modules\spdx-exceptions\package.json
187 verbose installManyTop reading scoped package data from C:\Users\Emil\Documents\Websites\ucl.dev\wp-content\themes\child\node_modules\spdx-expression-parse\package.json
188 verbose installManyTop reading scoped package data from C:\Users\Emil\Documents\Websites\ucl.dev\wp-content\themes\child\node_modules\spdx-license-ids\package.json
189 verbose installManyTop reading scoped package data from C:\Users\Emil\Documents\Websites\ucl.dev\wp-content\themes\child\node_modules\statuses\package.json
190 verbose installManyTop reading scoped package data from C:\Users\Emil\Documents\Websites\ucl.dev\wp-content\themes\child\node_modules\string_decoder\package.json
191 verbose installManyTop reading scoped package data from C:\Users\Emil\Documents\Websites\ucl.dev\wp-content\themes\child\node_modules\stringstream\package.json
192 verbose installManyTop reading scoped package data from C:\Users\Emil\Documents\Websites\ucl.dev\wp-content\themes\child\node_modules\strip-ansi\package.json
193 verbose installManyTop reading scoped package data from C:\Users\Emil\Documents\Websites\ucl.dev\wp-content\themes\child\node_modules\strip-bom\package.json
194 verbose installManyTop reading scoped package data from C:\Users\Emil\Documents\Websites\ucl.dev\wp-content\themes\child\node_modules\strip-indent\package.json
195 verbose installManyTop reading scoped package data from C:\Users\Emil\Documents\Websites\ucl.dev\wp-content\themes\child\node_modules\strip-json-comments\package.json
196 verbose installManyTop reading scoped package data from C:\Users\Emil\Documents\Websites\ucl.dev\wp-content\themes\child\node_modules\supports-color\package.json
197 verbose installManyTop reading scoped package data from C:\Users\Emil\Documents\Websites\ucl.dev\wp-content\themes\child\node_modules\tiny-lr\package.json
198 verbose installManyTop reading scoped package data from C:\Users\Emil\Documents\Websites\ucl.dev\wp-content\themes\child\node_modules\tmp\package.json
199 verbose installManyTop reading scoped package data from C:\Users\Emil\Documents\Websites\ucl.dev\wp-content\themes\child\node_modules\tough-cookie\package.json
200 verbose installManyTop reading scoped package data from C:\Users\Emil\Documents\Websites\ucl.dev\wp-content\themes\child\node_modules\trim-newlines\package.json
201 verbose installManyTop reading scoped package data from C:\Users\Emil\Documents\Websites\ucl.dev\wp-content\themes\child\node_modules\tunnel-agent\package.json
202 verbose installManyTop reading scoped package data from C:\Users\Emil\Documents\Websites\ucl.dev\wp-content\themes\child\node_modules\type-is\package.json
203 verbose installManyTop reading scoped package data from C:\Users\Emil\Documents\Websites\ucl.dev\wp-content\themes\child\node_modules\typedarray\package.json
204 verbose installManyTop reading scoped package data from C:\Users\Emil\Documents\Websites\ucl.dev\wp-content\themes\child\node_modules\uglify-js\package.json
205 verbose installManyTop reading scoped package data from C:\Users\Emil\Documents\Websites\ucl.dev\wp-content\themes\child\node_modules\uglify-to-browserify\package.json
206 verbose installManyTop reading scoped package data from C:\Users\Emil\Documents\Websites\ucl.dev\wp-content\themes\child\node_modules\underscore\package.json
207 verbose installManyTop reading scoped package data from C:\Users\Emil\Documents\Websites\ucl.dev\wp-content\themes\child\node_modules\underscore.string\package.json
208 verbose installManyTop reading scoped package data from C:\Users\Emil\Documents\Websites\ucl.dev\wp-content\themes\child\node_modules\unpipe\package.json
209 verbose installManyTop reading scoped package data from C:\Users\Emil\Documents\Websites\ucl.dev\wp-content\themes\child\node_modules\uri-path\package.json
210 verbose installManyTop reading scoped package data from C:\Users\Emil\Documents\Websites\ucl.dev\wp-content\themes\child\node_modules\util-deprecate\package.json
211 verbose installManyTop reading scoped package data from C:\Users\Emil\Documents\Websites\ucl.dev\wp-content\themes\child\node_modules\validate-npm-package-license\package.json
212 verbose installManyTop reading scoped package data from C:\Users\Emil\Documents\Websites\ucl.dev\wp-content\themes\child\node_modules\websocket-driver\package.json
213 verbose installManyTop reading scoped package data from C:\Users\Emil\Documents\Websites\ucl.dev\wp-content\themes\child\node_modules\websocket-extensions\package.json
214 verbose installManyTop reading scoped package data from C:\Users\Emil\Documents\Websites\ucl.dev\wp-content\themes\child\node_modules\which\package.json
215 verbose installManyTop reading scoped package data from C:\Users\Emil\Documents\Websites\ucl.dev\wp-content\themes\child\node_modules\window-size\package.json
216 verbose installManyTop reading scoped package data from C:\Users\Emil\Documents\Websites\ucl.dev\wp-content\themes\child\node_modules\wordwrap\package.json
217 verbose installManyTop reading scoped package data from C:\Users\Emil\Documents\Websites\ucl.dev\wp-content\themes\child\node_modules\wrappy\package.json
218 verbose installManyTop reading scoped package data from C:\Users\Emil\Documents\Websites\ucl.dev\wp-content\themes\child\node_modules\xtend\package.json
219 verbose installManyTop reading scoped package data from C:\Users\Emil\Documents\Websites\ucl.dev\wp-content\themes\child\node_modules\yargs\package.json
220 info package.json asn1@0.1.11 No license field.
221 info package.json aws-sign2@0.5.0 No license field.
222 info package.json assert-plus@0.1.5 No license field.
223 info package.json caseless@0.9.0 license should be a valid SPDX license expression
224 info package.json coffee-script@1.3.3 No license field.
225 info package.json cli@0.6.6 No license field.
226 info package.json colors@0.6.2 No license field.
227 info package.json combined-stream@0.0.7 No license field.
228 info package.json console-browserify@1.1.0 No license field.
229 info package.json ctype@0.5.3 No license field.
230 info package.json date-now@0.1.4 No license field.
231 info package.json dateformat@1.0.2-1.2.3 No repository field.
232 info package.json dateformat@1.0.2-1.2.3 No license field.
233 info package.json delayed-stream@0.0.5 No license field.
234 info package.json domhandler@2.3.0 No license field.
235 info package.json domelementtype@1.3.0 No license field.
236 info package.json domutils@1.5.1 No license field.
237 info package.json entities@1.0.0 license should be a valid SPDX license expression
238 info package.json esprima@1.0.4 No license field.
239 info package.json exit@0.1.2 No license field.
240 info package.json form-data@0.2.0 No license field.
241 info package.json findup-sync@0.1.3 No license field.
242 info package.json getobject@0.1.0 No license field.
243 info package.json graceful-fs@1.2.3 license should be a valid SPDX license expression
244 info package.json grunt-legacy-log-utils@0.1.1 No license field.
245 info package.json grunt-curl@2.2.0 No license field.
246 info package.json grunt-retro@0.7.0 No license field.
247 info package.json grunt-wp-i18n@0.5.4 No license field.
248 info package.json grunt-legacy-util@0.2.0 No license field.
249 info package.json hawk@2.3.1 No license field.
250 info package.json hooker@0.2.3 No license field.
251 info package.json js-yaml@2.0.5 license should be a valid SPDX license expression
252 info package.json longest@1.0.1 license should be a valid SPDX license expression
253 info package.json ms@0.7.1 No license field.
254 info package.json node-uuid@1.4.7 No license field.
255 info package.json nopt@1.0.10 license should be a valid SPDX license expression
256 info package.json oauth-sign@0.6.0 No license field.
257 info package.json pako@0.2.8 license should be a valid SPDX license expression
258 info package.json rimraf@2.2.8 license should be a valid SPDX license expression
259 info package.json shelljs@0.3.0 license should be a valid SPDX license expression
260 info package.json sntp@1.0.9 No license field.
261 info package.json string_decoder@0.10.31 string_decoder is also the name of a node core module.
262 info package.json underscore.string@3.0.3 No license field.
263 info package.json window-size@0.1.0 No license field.
264 info package.json wordwrap@0.0.2 license should be a valid SPDX license expression
265 verbose readDependencies loading dependencies from C:\Users\Emil\Documents\Websites\ucl.dev\wp-content\themes\child\package.json
266 silly cache add args [ 'grunt-phpdocumentor', null ]
267 verbose cache add spec grunt-phpdocumentor
268 silly cache add parsed spec Result {
268 silly cache add   raw: 'grunt-phpdocumentor',
268 silly cache add   scope: null,
268 silly cache add   name: 'grunt-phpdocumentor',
268 silly cache add   rawSpec: '',
268 silly cache add   spec: 'latest',
268 silly cache add   type: 'tag' }
269 silly addNamed grunt-phpdocumentor@latest
270 verbose addNamed "latest" is being treated as a dist-tag for grunt-phpdocumentor
271 info addNameTag [ 'grunt-phpdocumentor', 'latest' ]
272 silly mapToRegistry name grunt-phpdocumentor
273 silly mapToRegistry using default registry
274 silly mapToRegistry registry https://registry.npmjs.org/
275 silly mapToRegistry data Result {
275 silly mapToRegistry   raw: 'grunt-phpdocumentor',
275 silly mapToRegistry   scope: null,
275 silly mapToRegistry   name: 'grunt-phpdocumentor',
275 silly mapToRegistry   rawSpec: '',
275 silly mapToRegistry   spec: 'latest',
275 silly mapToRegistry   type: 'tag' }
276 silly mapToRegistry uri https://registry.npmjs.org/grunt-phpdocumentor
277 verbose addNameTag registry:https://registry.npmjs.org/grunt-phpdocumentor not in flight; fetching
278 verbose request uri https://registry.npmjs.org/grunt-phpdocumentor
279 verbose request no auth needed
280 info attempt registry request try #1 at 11:23:48
281 verbose request id c2c5a9a726aee4f5
282 verbose etag "7X1MI7LL6MZ9KRHKMJHLX7HST"
283 http request GET https://registry.npmjs.org/grunt-phpdocumentor
284 http 304 https://registry.npmjs.org/grunt-phpdocumentor
285 verbose headers { date: 'Mon, 10 Oct 2016 09:23:48 GMT',
285 verbose headers   via: '1.1 varnish',
285 verbose headers   'cache-control': 'max-age=300',
285 verbose headers   etag: '"7X1MI7LL6MZ9KRHKMJHLX7HST"',
285 verbose headers   age: '0',
285 verbose headers   connection: 'keep-alive',
285 verbose headers   'x-served-by': 'cache-lhr6327-LHR',
285 verbose headers   'x-cache': 'MISS',
285 verbose headers   'x-cache-hits': '0',
285 verbose headers   'x-timer': 'S1476091428.446991,VS0,VE682',
285 verbose headers   vary: 'Accept-Encoding' }
286 silly get cb [ 304,
286 silly get   { date: 'Mon, 10 Oct 2016 09:23:48 GMT',
286 silly get     via: '1.1 varnish',
286 silly get     'cache-control': 'max-age=300',
286 silly get     etag: '"7X1MI7LL6MZ9KRHKMJHLX7HST"',
286 silly get     age: '0',
286 silly get     connection: 'keep-alive',
286 silly get     'x-served-by': 'cache-lhr6327-LHR',
286 silly get     'x-cache': 'MISS',
286 silly get     'x-cache-hits': '0',
286 silly get     'x-timer': 'S1476091428.446991,VS0,VE682',
286 silly get     vary: 'Accept-Encoding' } ]
287 verbose etag https://registry.npmjs.org/grunt-phpdocumentor from cache
288 verbose get saving grunt-phpdocumentor to C:\Users\Emil\AppData\Roaming\npm-cache\registry.npmjs.org\grunt-phpdocumentor\.cache.json
289 verbose correctMkdir C:\Users\Emil\AppData\Roaming\npm-cache correctMkdir not in flight; initializing
290 silly addNameTag next cb for grunt-phpdocumentor with tag latest
291 silly addNamed grunt-phpdocumentor@0.4.1
292 verbose addNamed "0.4.1" is a plain semver version for grunt-phpdocumentor
293 silly cache afterAdd grunt-phpdocumentor@0.4.1
294 verbose afterAdd C:\Users\Emil\AppData\Roaming\npm-cache\grunt-phpdocumentor\0.4.1\package\package.json not in flight; writing
295 verbose correctMkdir C:\Users\Emil\AppData\Roaming\npm-cache correctMkdir not in flight; initializing
296 verbose afterAdd C:\Users\Emil\AppData\Roaming\npm-cache\grunt-phpdocumentor\0.4.1\package\package.json written
297 silly install resolved [ { name: 'grunt-phpdocumentor',
297 silly install resolved     description: 'Runs the PHPDocumentor documentation generator tool.',
297 silly install resolved     version: '0.4.1',
297 silly install resolved     homepage: 'https://github.com/gomoob/grunt-phpdocumentor',
297 silly install resolved     author:
297 silly install resolved      { name: 'Baptiste Gaillard',
297 silly install resolved        email: 'baptiste.gaillard@gomoob.com',
297 silly install resolved        url: 'http://www.gomoob.com' },
297 silly install resolved     contributors: [ [Object] ],
297 silly install resolved     repository:
297 silly install resolved      { type: 'git',
297 silly install resolved        url: 'git://github.com/gomoob/grunt-phpdocumentor.git' },
297 silly install resolved     bugs: { url: 'https://github.com/gomoob/grunt-phpdocumentor/issues' },
297 silly install resolved     licenses: [ [Object] ],
297 silly install resolved     main: 'Gruntfile.js',
297 silly install resolved     engines: { node: '>= 0.8.0' },
297 silly install resolved     scripts: { test: 'grunt test' },
297 silly install resolved     devDependencies:
297 silly install resolved      { 'grunt-contrib-jshint': '~0.8.0',
297 silly install resolved        'grunt-contrib-clean': '~0.5.0',
297 silly install resolved        'grunt-contrib-nodeunit': '~0.2.2',
297 silly install resolved        grunt: '~0.4.1' },
297 silly install resolved     peerDependencies: { grunt: '~0.4.1' },
297 silly install resolved     keywords: [ 'gruntplugin' ],
297 silly install resolved     _id: 'grunt-phpdocumentor@0.4.1',
297 silly install resolved     dist:
297 silly install resolved      { shasum: '513a5cefd8804d45792ea35ddfbcb2471e307141',
297 silly install resolved        tarball: 'https://registry.npmjs.org/grunt-phpdocumentor/-/grunt-phpdocumentor-0.4.1.tgz' },
297 silly install resolved     _from: 'grunt-phpdocumentor@latest',
297 silly install resolved     _npmVersion: '1.2.25',
297 silly install resolved     _npmUser: { name: 'bgaillard', email: 'baptiste.gaillard@gomoob.com' },
297 silly install resolved     maintainers: [ [Object] ],
297 silly install resolved     directories: {},
297 silly install resolved     _shasum: '513a5cefd8804d45792ea35ddfbcb2471e307141',
297 silly install resolved     _resolved: 'https://registry.npmjs.org/grunt-phpdocumentor/-/grunt-phpdocumentor-0.4.1.tgz',
297 silly install resolved     readme: 'ERROR: No README data found!' } ]
298 info install grunt-phpdocumentor@0.4.1 into C:\Users\Emil\Documents\Websites\ucl.dev\wp-content\themes\child
299 info installOne grunt-phpdocumentor@0.4.1
300 verbose installOne of grunt-phpdocumentor to C:\Users\Emil\Documents\Websites\ucl.dev\wp-content\themes\child not in flight; installing
301 verbose correctMkdir C:\Users\Emil\AppData\Roaming\npm-cache\_locks correctMkdir not in flight; initializing
302 verbose lock using C:\Users\Emil\AppData\Roaming\npm-cache\_locks\grunt-phpdocumentor-d49c661102dac0da.lock for C:\Users\Emil\Documents\Websites\ucl.dev\wp-content\themes\child\node_modules\grunt-phpdocumentor
303 silly install write writing grunt-phpdocumentor 0.4.1 to C:\Users\Emil\Documents\Websites\ucl.dev\wp-content\themes\child\node_modules\grunt-phpdocumentor
304 verbose unbuild node_modules\grunt-phpdocumentor
305 silly gentlyRm C:\Users\Emil\Documents\Websites\ucl.dev\wp-content\themes\child\node_modules\grunt-phpdocumentor is being purged from base C:\Users\Emil\Documents\Websites\ucl.dev\wp-content\themes\child
306 verbose gentlyRm don't care about contents; nuking C:\Users\Emil\Documents\Websites\ucl.dev\wp-content\themes\child\node_modules\grunt-phpdocumentor
307 verbose tar unpack C:\Users\Emil\AppData\Roaming\npm-cache\grunt-phpdocumentor\0.4.1\package.tgz
308 verbose tar unpacking to C:\Users\Emil\Documents\Websites\ucl.dev\wp-content\themes\child\node_modules\grunt-phpdocumentor
309 silly gentlyRm C:\Users\Emil\Documents\Websites\ucl.dev\wp-content\themes\child\node_modules\grunt-phpdocumentor is being purged
310 verbose gentlyRm don't care about contents; nuking C:\Users\Emil\Documents\Websites\ucl.dev\wp-content\themes\child\node_modules\grunt-phpdocumentor
311 silly gunzTarPerm modes [ '777', '666' ]
312 silly gunzTarPerm extractEntry package.json
313 silly gunzTarPerm extractEntry .npmignore
314 silly gunzTarPerm extractEntry README.md
315 silly gunzTarPerm extractEntry Gruntfile.js
316 silly gunzTarPerm extractEntry .jshintrc
317 silly gunzTarPerm extractEntry .project
318 silly gunzTarPerm extractEntry bin/phpDocumentor.phar
319 silly gunzTarPerm extractEntry LICENSE-MIT
320 silly gunzTarPerm extractEntry tasks/phpdocumentor.js
321 silly gunzTarPerm extractEntry tasks/lib/phpdocumentor.js
322 silly gunzTarPerm extractEntry test/phpdocumentor_test.js
323 silly gunzTarPerm extractEntry test/fixtures/phpDocumentor.phar
324 silly gunzTarPerm extractEntry test/fixtures/sources/A.php
325 verbose write writing to C:\Users\Emil\Documents\Websites\ucl.dev\wp-content\themes\child\node_modules\grunt-phpdocumentor\package.json
326 info preinstall grunt-phpdocumentor@0.4.1
327 verbose readDependencies loading dependencies from C:\Users\Emil\Documents\Websites\ucl.dev\wp-content\themes\child\node_modules\grunt-phpdocumentor\package.json
328 silly prepareForInstallMany adding grunt@~0.4.1 from grunt-phpdocumentor peerDependencies
329 warn peerDependencies The peer dependency grunt@~0.4.1 included from grunt-phpdocumentor will no
330 warn peerDependencies longer be automatically installed to fulfill the peerDependency
331 warn peerDependencies in npm 3+. Your application will need to depend on it explicitly.
332 verbose readDependencies loading dependencies from C:\Users\Emil\Documents\Websites\ucl.dev\wp-content\themes\child\node_modules\grunt-phpdocumentor\package.json
333 silly install resolved []
334 verbose about to build C:\Users\Emil\Documents\Websites\ucl.dev\wp-content\themes\child\node_modules\grunt-phpdocumentor
335 info build C:\Users\Emil\Documents\Websites\ucl.dev\wp-content\themes\child\node_modules\grunt-phpdocumentor
336 info linkStuff grunt-phpdocumentor@0.4.1
337 silly linkStuff grunt-phpdocumentor@0.4.1 has C:\Users\Emil\Documents\Websites\ucl.dev\wp-content\themes\child\node_modules as its parent node_modules
338 verbose linkBins grunt-phpdocumentor@0.4.1
339 verbose linkMans grunt-phpdocumentor@0.4.1
340 verbose rebuildBundles grunt-phpdocumentor@0.4.1
341 info install grunt-phpdocumentor@0.4.1
342 info postinstall grunt-phpdocumentor@0.4.1
343 verbose readDependencies loading dependencies from C:\Users\Emil\Documents\Websites\ucl.dev\wp-content\themes\child\package.json
344 verbose targetResolver reading package data from C:\Users\Emil\Documents\Websites\ucl.dev\wp-content\themes\child\node_modules\abbrev\package.json
345 verbose targetResolver reading package data from C:\Users\Emil\Documents\Websites\ucl.dev\wp-content\themes\child\node_modules\align-text\package.json
346 verbose targetResolver reading package data from C:\Users\Emil\Documents\Websites\ucl.dev\wp-content\themes\child\node_modules\ansi-regex\package.json
347 verbose targetResolver reading package data from C:\Users\Emil\Documents\Websites\ucl.dev\wp-content\themes\child\node_modules\ansi-styles\package.json
348 verbose targetResolver reading package data from C:\Users\Emil\Documents\Websites\ucl.dev\wp-content\themes\child\node_modules\argparse\package.json
349 verbose targetResolver reading package data from C:\Users\Emil\Documents\Websites\ucl.dev\wp-content\themes\child\node_modules\array-find-index\package.json
350 verbose targetResolver reading package data from C:\Users\Emil\Documents\Websites\ucl.dev\wp-content\themes\child\node_modules\array-uniq\package.json
351 verbose targetResolver reading package data from C:\Users\Emil\Documents\Websites\ucl.dev\wp-content\themes\child\node_modules\asn1\package.json
352 verbose targetResolver reading package data from C:\Users\Emil\Documents\Websites\ucl.dev\wp-content\themes\child\node_modules\assert-plus\package.json
353 verbose targetResolver reading package data from C:\Users\Emil\Documents\Websites\ucl.dev\wp-content\themes\child\node_modules\async\package.json
354 verbose targetResolver reading package data from C:\Users\Emil\Documents\Websites\ucl.dev\wp-content\themes\child\node_modules\aws-sign2\package.json
355 verbose targetResolver reading package data from C:\Users\Emil\Documents\Websites\ucl.dev\wp-content\themes\child\node_modules\balanced-match\package.json
356 verbose targetResolver reading package data from C:\Users\Emil\Documents\Websites\ucl.dev\wp-content\themes\child\node_modules\bin-version\package.json
357 verbose targetResolver reading package data from C:\Users\Emil\Documents\Websites\ucl.dev\wp-content\themes\child\node_modules\bin-version-check\package.json
358 verbose targetResolver reading package data from C:\Users\Emil\Documents\Websites\ucl.dev\wp-content\themes\child\node_modules\bl\package.json
359 verbose targetResolver reading package data from C:\Users\Emil\Documents\Websites\ucl.dev\wp-content\themes\child\node_modules\bluebird\package.json
360 verbose targetResolver reading package data from C:\Users\Emil\Documents\Websites\ucl.dev\wp-content\themes\child\node_modules\body-parser\package.json
361 verbose targetResolver reading package data from C:\Users\Emil\Documents\Websites\ucl.dev\wp-content\themes\child\node_modules\boom\package.json
362 verbose targetResolver reading package data from C:\Users\Emil\Documents\Websites\ucl.dev\wp-content\themes\child\node_modules\brace-expansion\package.json
363 verbose targetResolver reading package data from C:\Users\Emil\Documents\Websites\ucl.dev\wp-content\themes\child\node_modules\browserify-zlib\package.json
364 verbose targetResolver reading package data from C:\Users\Emil\Documents\Websites\ucl.dev\wp-content\themes\child\node_modules\builtin-modules\package.json
365 verbose targetResolver reading package data from C:\Users\Emil\Documents\Websites\ucl.dev\wp-content\themes\child\node_modules\bytes\package.json
366 verbose targetResolver reading package data from C:\Users\Emil\Documents\Websites\ucl.dev\wp-content\themes\child\node_modules\camelcase\package.json
367 verbose targetResolver reading package data from C:\Users\Emil\Documents\Websites\ucl.dev\wp-content\themes\child\node_modules\camelcase-keys\package.json
368 verbose targetResolver reading package data from C:\Users\Emil\Documents\Websites\ucl.dev\wp-content\themes\child\node_modules\caseless\package.json
369 verbose targetResolver reading package data from C:\Users\Emil\Documents\Websites\ucl.dev\wp-content\themes\child\node_modules\center-align\package.json
370 verbose targetResolver reading package data from C:\Users\Emil\Documents\Websites\ucl.dev\wp-content\themes\child\node_modules\chalk\package.json
371 verbose targetResolver reading package data from C:\Users\Emil\Documents\Websites\ucl.dev\wp-content\themes\child\node_modules\cli\package.json
372 verbose targetResolver reading package data from C:\Users\Emil\Documents\Websites\ucl.dev\wp-content\themes\child\node_modules\cliui\package.json
373 verbose targetResolver reading package data from C:\Users\Emil\Documents\Websites\ucl.dev\wp-content\themes\child\node_modules\coffee-script\package.json
374 verbose targetResolver reading package data from C:\Users\Emil\Documents\Websites\ucl.dev\wp-content\themes\child\node_modules\colors\package.json
375 verbose targetResolver reading package data from C:\Users\Emil\Documents\Websites\ucl.dev\wp-content\themes\child\node_modules\combined-stream\package.json
376 verbose targetResolver reading package data from C:\Users\Emil\Documents\Websites\ucl.dev\wp-content\themes\child\node_modules\commander\package.json
377 verbose targetResolver reading package data from C:\Users\Emil\Documents\Websites\ucl.dev\wp-content\themes\child\node_modules\compass\package.json
378 verbose targetResolver reading package data from C:\Users\Emil\Documents\Websites\ucl.dev\wp-content\themes\child\node_modules\concat-map\package.json
379 verbose targetResolver reading package data from C:\Users\Emil\Documents\Websites\ucl.dev\wp-content\themes\child\node_modules\concat-stream\package.json
380 verbose targetResolver reading package data from C:\Users\Emil\Documents\Websites\ucl.dev\wp-content\themes\child\node_modules\console-browserify\package.json
381 verbose targetResolver reading package data from C:\Users\Emil\Documents\Websites\ucl.dev\wp-content\themes\child\node_modules\content-type\package.json
382 verbose targetResolver reading package data from C:\Users\Emil\Documents\Websites\ucl.dev\wp-content\themes\child\node_modules\core-util-is\package.json
383 verbose targetResolver reading package data from C:\Users\Emil\Documents\Websites\ucl.dev\wp-content\themes\child\node_modules\cross-spawn\package.json
384 verbose targetResolver reading package data from C:\Users\Emil\Documents\Websites\ucl.dev\wp-content\themes\child\node_modules\cryptiles\package.json
385 verbose targetResolver reading package data from C:\Users\Emil\Documents\Websites\ucl.dev\wp-content\themes\child\node_modules\ctype\package.json
386 verbose targetResolver reading package data from C:\Users\Emil\Documents\Websites\ucl.dev\wp-content\themes\child\node_modules\currently-unhandled\package.json
387 verbose targetResolver reading package data from C:\Users\Emil\Documents\Websites\ucl.dev\wp-content\themes\child\node_modules\dargs\package.json
388 verbose targetResolver reading package data from C:\Users\Emil\Documents\Websites\ucl.dev\wp-content\themes\child\node_modules\date-now\package.json
389 verbose targetResolver reading package data from C:\Users\Emil\Documents\Websites\ucl.dev\wp-content\themes\child\node_modules\dateformat\package.json
390 verbose targetResolver reading package data from C:\Users\Emil\Documents\Websites\ucl.dev\wp-content\themes\child\node_modules\debug\package.json
391 verbose targetResolver reading package data from C:\Users\Emil\Documents\Websites\ucl.dev\wp-content\themes\child\node_modules\decamelize\package.json
392 verbose targetResolver reading package data from C:\Users\Emil\Documents\Websites\ucl.dev\wp-content\themes\child\node_modules\delayed-stream\package.json
393 verbose targetResolver reading package data from C:\Users\Emil\Documents\Websites\ucl.dev\wp-content\themes\child\node_modules\depd\package.json
394 verbose targetResolver reading package data from C:\Users\Emil\Documents\Websites\ucl.dev\wp-content\themes\child\node_modules\dom-serializer\package.json
395 verbose targetResolver reading package data from C:\Users\Emil\Documents\Websites\ucl.dev\wp-content\themes\child\node_modules\domelementtype\package.json
396 verbose targetResolver reading package data from C:\Users\Emil\Documents\Websites\ucl.dev\wp-content\themes\child\node_modules\domhandler\package.json
397 verbose targetResolver reading package data from C:\Users\Emil\Documents\Websites\ucl.dev\wp-content\themes\child\node_modules\domutils\package.json
398 verbose targetResolver reading package data from C:\Users\Emil\Documents\Websites\ucl.dev\wp-content\themes\child\node_modules\ee-first\package.json
399 verbose targetResolver reading package data from C:\Users\Emil\Documents\Websites\ucl.dev\wp-content\themes\child\node_modules\encoding\package.json
400 verbose targetResolver reading package data from C:\Users\Emil\Documents\Websites\ucl.dev\wp-content\themes\child\node_modules\entities\package.json
401 verbose targetResolver reading package data from C:\Users\Emil\Documents\Websites\ucl.dev\wp-content\themes\child\node_modules\error-ex\package.json
402 verbose targetResolver reading package data from C:\Users\Emil\Documents\Websites\ucl.dev\wp-content\themes\child\node_modules\escape-string-regexp\package.json
403 verbose targetResolver reading package data from C:\Users\Emil\Documents\Websites\ucl.dev\wp-content\themes\child\node_modules\esprima\package.json
404 verbose targetResolver reading package data from C:\Users\Emil\Documents\Websites\ucl.dev\wp-content\themes\child\node_modules\eventemitter2\package.json
405 verbose targetResolver reading package data from C:\Users\Emil\Documents\Websites\ucl.dev\wp-content\themes\child\node_modules\exit\package.json
406 verbose targetResolver reading package data from C:\Users\Emil\Documents\Websites\ucl.dev\wp-content\themes\child\node_modules\faye-websocket\package.json
407 verbose targetResolver reading package data from C:\Users\Emil\Documents\Websites\ucl.dev\wp-content\themes\child\node_modules\figures\package.json
408 verbose targetResolver reading package data from C:\Users\Emil\Documents\Websites\ucl.dev\wp-content\themes\child\node_modules\file-sync-cmp\package.json
409 verbose targetResolver reading package data from C:\Users\Emil\Documents\Websites\ucl.dev\wp-content\themes\child\node_modules\find-up\package.json
410 verbose targetResolver reading package data from C:\Users\Emil\Documents\Websites\ucl.dev\wp-content\themes\child\node_modules\find-versions\package.json
411 verbose targetResolver reading package data from C:\Users\Emil\Documents\Websites\ucl.dev\wp-content\themes\child\node_modules\findup-sync\package.json
412 verbose targetResolver reading package data from C:\Users\Emil\Documents\Websites\ucl.dev\wp-content\themes\child\node_modules\forever-agent\package.json
413 verbose targetResolver reading package data from C:\Users\Emil\Documents\Websites\ucl.dev\wp-content\themes\child\node_modules\form-data\package.json
414 verbose targetResolver reading package data from C:\Users\Emil\Documents\Websites\ucl.dev\wp-content\themes\child\node_modules\fs.realpath\package.json
415 verbose targetResolver reading package data from C:\Users\Emil\Documents\Websites\ucl.dev\wp-content\themes\child\node_modules\gaze\package.json
416 verbose targetResolver reading package data from C:\Users\Emil\Documents\Websites\ucl.dev\wp-content\themes\child\node_modules\generate-function\package.json
417 verbose targetResolver reading package data from C:\Users\Emil\Documents\Websites\ucl.dev\wp-content\themes\child\node_modules\generate-object-property\package.json
418 verbose targetResolver reading package data from C:\Users\Emil\Documents\Websites\ucl.dev\wp-content\themes\child\node_modules\get-stdin\package.json
419 verbose targetResolver reading package data from C:\Users\Emil\Documents\Websites\ucl.dev\wp-content\themes\child\node_modules\getobject\package.json
420 verbose targetResolver reading package data from C:\Users\Emil\Documents\Websites\ucl.dev\wp-content\themes\child\node_modules\gettext-parser\package.json
421 verbose targetResolver reading package data from C:\Users\Emil\Documents\Websites\ucl.dev\wp-content\themes\child\node_modules\glob\package.json
422 verbose targetResolver reading package data from C:\Users\Emil\Documents\Websites\ucl.dev\wp-content\themes\child\node_modules\globule\package.json
423 verbose targetResolver reading package data from C:\Users\Emil\Documents\Websites\ucl.dev\wp-content\themes\child\node_modules\graceful-fs\package.json
424 verbose targetResolver reading package data from C:\Users\Emil\Documents\Websites\ucl.dev\wp-content\themes\child\node_modules\graceful-readlink\package.json
425 verbose targetResolver reading package data from C:\Users\Emil\Documents\Websites\ucl.dev\wp-content\themes\child\node_modules\grunt\package.json
426 verbose targetResolver reading package data from C:\Users\Emil\Documents\Websites\ucl.dev\wp-content\themes\child\node_modules\grunt-contrib-compass\package.json
427 verbose targetResolver reading package data from C:\Users\Emil\Documents\Websites\ucl.dev\wp-content\themes\child\node_modules\grunt-contrib-copy\package.json
428 verbose targetResolver reading package data from C:\Users\Emil\Documents\Websites\ucl.dev\wp-content\themes\child\node_modules\grunt-contrib-jshint\package.json
429 verbose targetResolver reading package data from C:\Users\Emil\Documents\Websites\ucl.dev\wp-content\themes\child\node_modules\grunt-contrib-sass\package.json
430 verbose targetResolver reading package data from C:\Users\Emil\Documents\Websites\ucl.dev\wp-content\themes\child\node_modules\grunt-contrib-uglify\package.json
431 verbose targetResolver reading package data from C:\Users\Emil\Documents\Websites\ucl.dev\wp-content\themes\child\node_modules\grunt-contrib-watch\package.json
432 verbose targetResolver reading package data from C:\Users\Emil\Documents\Websites\ucl.dev\wp-content\themes\child\node_modules\grunt-curl\package.json
433 verbose targetResolver reading package data from C:\Users\Emil\Documents\Websites\ucl.dev\wp-content\themes\child\node_modules\grunt-legacy-log\package.json
434 verbose targetResolver reading package data from C:\Users\Emil\Documents\Websites\ucl.dev\wp-content\themes\child\node_modules\grunt-legacy-log-utils\package.json
435 verbose targetResolver reading package data from C:\Users\Emil\Documents\Websites\ucl.dev\wp-content\themes\child\node_modules\grunt-legacy-util\package.json
436 verbose targetResolver reading package data from C:\Users\Emil\Documents\Websites\ucl.dev\wp-content\themes\child\node_modules\grunt-phpdocumentor\package.json
437 verbose targetResolver reading package data from C:\Users\Emil\Documents\Websites\ucl.dev\wp-content\themes\child\node_modules\grunt-retro\package.json
438 verbose targetResolver reading package data from C:\Users\Emil\Documents\Websites\ucl.dev\wp-content\themes\child\node_modules\grunt-wp-i18n\package.json
439 verbose targetResolver reading package data from C:\Users\Emil\Documents\Websites\ucl.dev\wp-content\themes\child\node_modules\gzip-size\package.json
440 verbose targetResolver reading package data from C:\Users\Emil\Documents\Websites\ucl.dev\wp-content\themes\child\node_modules\har-validator\package.json
441 verbose targetResolver reading package data from C:\Users\Emil\Documents\Websites\ucl.dev\wp-content\themes\child\node_modules\has-ansi\package.json
442 verbose targetResolver reading package data from C:\Users\Emil\Documents\Websites\ucl.dev\wp-content\themes\child\node_modules\hawk\package.json
443 verbose targetResolver reading package data from C:\Users\Emil\Documents\Websites\ucl.dev\wp-content\themes\child\node_modules\hoek\package.json
444 verbose targetResolver reading package data from C:\Users\Emil\Documents\Websites\ucl.dev\wp-content\themes\child\node_modules\hooker\package.json
445 verbose targetResolver reading package data from C:\Users\Emil\Documents\Websites\ucl.dev\wp-content\themes\child\node_modules\hosted-git-info\package.json
446 verbose targetResolver reading package data from C:\Users\Emil\Documents\Websites\ucl.dev\wp-content\themes\child\node_modules\htmlparser2\package.json
447 verbose targetResolver reading package data from C:\Users\Emil\Documents\Websites\ucl.dev\wp-content\themes\child\node_modules\http-errors\package.json
448 verbose targetResolver reading package data from C:\Users\Emil\Documents\Websites\ucl.dev\wp-content\themes\child\node_modules\http-signature\package.json
449 verbose targetResolver reading package data from C:\Users\Emil\Documents\Websites\ucl.dev\wp-content\themes\child\node_modules\iconv-lite\package.json
450 verbose targetResolver reading package data from C:\Users\Emil\Documents\Websites\ucl.dev\wp-content\themes\child\node_modules\indent-string\package.json
451 verbose targetResolver reading package data from C:\Users\Emil\Documents\Websites\ucl.dev\wp-content\themes\child\node_modules\inflight\package.json
452 verbose targetResolver reading package data from C:\Users\Emil\Documents\Websites\ucl.dev\wp-content\themes\child\node_modules\inherits\package.json
453 verbose targetResolver reading package data from C:\Users\Emil\Documents\Websites\ucl.dev\wp-content\themes\child\node_modules\is-arrayish\package.json
454 verbose targetResolver reading package data from C:\Users\Emil\Documents\Websites\ucl.dev\wp-content\themes\child\node_modules\is-buffer\package.json
455 verbose targetResolver reading package data from C:\Users\Emil\Documents\Websites\ucl.dev\wp-content\themes\child\node_modules\is-builtin-module\package.json
456 verbose targetResolver reading package data from C:\Users\Emil\Documents\Websites\ucl.dev\wp-content\themes\child\node_modules\is-finite\package.json
457 verbose targetResolver reading package data from C:\Users\Emil\Documents\Websites\ucl.dev\wp-content\themes\child\node_modules\is-my-json-valid\package.json
458 verbose targetResolver reading package data from C:\Users\Emil\Documents\Websites\ucl.dev\wp-content\themes\child\node_modules\is-property\package.json
459 verbose targetResolver reading package data from C:\Users\Emil\Documents\Websites\ucl.dev\wp-content\themes\child\node_modules\is-utf8\package.json
460 verbose targetResolver reading package data from C:\Users\Emil\Documents\Websites\ucl.dev\wp-content\themes\child\node_modules\isarray\package.json
461 verbose targetResolver reading package data from C:\Users\Emil\Documents\Websites\ucl.dev\wp-content\themes\child\node_modules\isexe\package.json
462 verbose targetResolver reading package data from C:\Users\Emil\Documents\Websites\ucl.dev\wp-content\themes\child\node_modules\isstream\package.json
463 verbose targetResolver reading package data from C:\Users\Emil\Documents\Websites\ucl.dev\wp-content\themes\child\node_modules\js-yaml\package.json
464 verbose targetResolver reading package data from C:\Users\Emil\Documents\Websites\ucl.dev\wp-content\themes\child\node_modules\jshint\package.json
465 verbose targetResolver reading package data from C:\Users\Emil\Documents\Websites\ucl.dev\wp-content\themes\child\node_modules\json-stringify-safe\package.json
466 verbose targetResolver reading package data from C:\Users\Emil\Documents\Websites\ucl.dev\wp-content\themes\child\node_modules\jsonpointer\package.json
467 verbose targetResolver reading package data from C:\Users\Emil\Documents\Websites\ucl.dev\wp-content\themes\child\node_modules\kind-of\package.json
468 verbose targetResolver reading package data from C:\Users\Emil\Documents\Websites\ucl.dev\wp-content\themes\child\node_modules\lazy-cache\package.json
469 verbose targetResolver reading package data from C:\Users\Emil\Documents\Websites\ucl.dev\wp-content\themes\child\node_modules\livereload-js\package.json
470 verbose targetResolver reading package data from C:\Users\Emil\Documents\Websites\ucl.dev\wp-content\themes\child\node_modules\load-json-file\package.json
471 verbose targetResolver reading package data from C:\Users\Emil\Documents\Websites\ucl.dev\wp-content\themes\child\node_modules\lodash\package.json
472 verbose targetResolver reading package data from C:\Users\Emil\Documents\Websites\ucl.dev\wp-content\themes\child\node_modules\longest\package.json
473 verbose targetResolver reading package data from C:\Users\Emil\Documents\Websites\ucl.dev\wp-content\themes\child\node_modules\loud-rejection\package.json
474 verbose targetResolver reading package data from C:\Users\Emil\Documents\Websites\ucl.dev\wp-content\themes\child\node_modules\lru-cache\package.json
475 verbose targetResolver reading package data from C:\Users\Emil\Documents\Websites\ucl.dev\wp-content\themes\child\node_modules\map-obj\package.json
476 verbose targetResolver reading package data from C:\Users\Emil\Documents\Websites\ucl.dev\wp-content\themes\child\node_modules\maxmin\package.json
477 verbose targetResolver reading package data from C:\Users\Emil\Documents\Websites\ucl.dev\wp-content\themes\child\node_modules\media-typer\package.json
478 verbose targetResolver reading package data from C:\Users\Emil\Documents\Websites\ucl.dev\wp-content\themes\child\node_modules\meow\package.json
479 verbose targetResolver reading package data from C:\Users\Emil\Documents\Websites\ucl.dev\wp-content\themes\child\node_modules\mime-db\package.json
480 verbose targetResolver reading package data from C:\Users\Emil\Documents\Websites\ucl.dev\wp-content\themes\child\node_modules\mime-types\package.json
481 verbose targetResolver reading package data from C:\Users\Emil\Documents\Websites\ucl.dev\wp-content\themes\child\node_modules\minimatch\package.json
482 verbose targetResolver reading package data from C:\Users\Emil\Documents\Websites\ucl.dev\wp-content\themes\child\node_modules\minimist\package.json
483 verbose targetResolver reading package data from C:\Users\Emil\Documents\Websites\ucl.dev\wp-content\themes\child\node_modules\ms\package.json
484 verbose targetResolver reading package data from C:\Users\Emil\Documents\Websites\ucl.dev\wp-content\themes\child\node_modules\node-uuid\package.json
485 verbose targetResolver reading package data from C:\Users\Emil\Documents\Websites\ucl.dev\wp-content\themes\child\node_modules\nopt\package.json
486 verbose targetResolver reading package data from C:\Users\Emil\Documents\Websites\ucl.dev\wp-content\themes\child\node_modules\normalize-package-data\package.json
487 verbose targetResolver reading package data from C:\Users\Emil\Documents\Websites\ucl.dev\wp-content\themes\child\node_modules\number-is-nan\package.json
488 verbose targetResolver reading package data from C:\Users\Emil\Documents\Websites\ucl.dev\wp-content\themes\child\node_modules\oauth-sign\package.json
489 verbose targetResolver reading package data from C:\Users\Emil\Documents\Websites\ucl.dev\wp-content\themes\child\node_modules\object-assign\package.json
490 verbose targetResolver reading package data from C:\Users\Emil\Documents\Websites\ucl.dev\wp-content\themes\child\node_modules\on-finished\package.json
491 verbose targetResolver reading package data from C:\Users\Emil\Documents\Websites\ucl.dev\wp-content\themes\child\node_modules\once\package.json
492 verbose targetResolver reading package data from C:\Users\Emil\Documents\Websites\ucl.dev\wp-content\themes\child\node_modules\onetime\package.json
493 verbose targetResolver reading package data from C:\Users\Emil\Documents\Websites\ucl.dev\wp-content\themes\child\node_modules\os-tmpdir\package.json
494 verbose targetResolver reading package data from C:\Users\Emil\Documents\Websites\ucl.dev\wp-content\themes\child\node_modules\pako\package.json
495 verbose targetResolver reading package data from C:\Users\Emil\Documents\Websites\ucl.dev\wp-content\themes\child\node_modules\parse-json\package.json
496 verbose targetResolver reading package data from C:\Users\Emil\Documents\Websites\ucl.dev\wp-content\themes\child\node_modules\parseurl\package.json
497 verbose targetResolver reading package data from C:\Users\Emil\Documents\Websites\ucl.dev\wp-content\themes\child\node_modules\path-exists\package.json
498 verbose targetResolver reading package data from C:\Users\Emil\Documents\Websites\ucl.dev\wp-content\themes\child\node_modules\path-is-absolute\package.json
499 verbose targetResolver reading package data from C:\Users\Emil\Documents\Websites\ucl.dev\wp-content\themes\child\node_modules\path-type\package.json
500 verbose targetResolver reading package data from C:\Users\Emil\Documents\Websites\ucl.dev\wp-content\themes\child\node_modules\pify\package.json
501 verbose targetResolver reading package data from C:\Users\Emil\Documents\Websites\ucl.dev\wp-content\themes\child\node_modules\pinkie\package.json
502 verbose targetResolver reading package data from C:\Users\Emil\Documents\Websites\ucl.dev\wp-content\themes\child\node_modules\pinkie-promise\package.json
503 verbose targetResolver reading package data from C:\Users\Emil\Documents\Websites\ucl.dev\wp-content\themes\child\node_modules\pretty-bytes\package.json
504 verbose targetResolver reading package data from C:\Users\Emil\Documents\Websites\ucl.dev\wp-content\themes\child\node_modules\process-nextick-args\package.json
505 verbose targetResolver reading package data from C:\Users\Emil\Documents\Websites\ucl.dev\wp-content\themes\child\node_modules\qs\package.json
506 verbose targetResolver reading package data from C:\Users\Emil\Documents\Websites\ucl.dev\wp-content\themes\child\node_modules\raw-body\package.json
507 verbose targetResolver reading package data from C:\Users\Emil\Documents\Websites\ucl.dev\wp-content\themes\child\node_modules\read-pkg\package.json
508 verbose targetResolver reading package data from C:\Users\Emil\Documents\Websites\ucl.dev\wp-content\themes\child\node_modules\read-pkg-up\package.json
509 verbose targetResolver reading package data from C:\Users\Emil\Documents\Websites\ucl.dev\wp-content\themes\child\node_modules\readable-stream\package.json
510 verbose targetResolver reading package data from C:\Users\Emil\Documents\Websites\ucl.dev\wp-content\themes\child\node_modules\redent\package.json
511 verbose targetResolver reading package data from C:\Users\Emil\Documents\Websites\ucl.dev\wp-content\themes\child\node_modules\repeat-string\package.json
512 verbose targetResolver reading package data from C:\Users\Emil\Documents\Websites\ucl.dev\wp-content\themes\child\node_modules\repeating\package.json
513 verbose targetResolver reading package data from C:\Users\Emil\Documents\Websites\ucl.dev\wp-content\themes\child\node_modules\request\package.json
514 verbose targetResolver reading package data from C:\Users\Emil\Documents\Websites\ucl.dev\wp-content\themes\child\node_modules\right-align\package.json
515 verbose targetResolver reading package data from C:\Users\Emil\Documents\Websites\ucl.dev\wp-content\themes\child\node_modules\rimraf\package.json
516 verbose targetResolver reading package data from C:\Users\Emil\Documents\Websites\ucl.dev\wp-content\themes\child\node_modules\semver\package.json
517 verbose targetResolver reading package data from C:\Users\Emil\Documents\Websites\ucl.dev\wp-content\themes\child\node_modules\semver-regex\package.json
518 verbose targetResolver reading package data from C:\Users\Emil\Documents\Websites\ucl.dev\wp-content\themes\child\node_modules\semver-truncate\package.json
519 verbose targetResolver reading package data from C:\Users\Emil\Documents\Websites\ucl.dev\wp-content\themes\child\node_modules\shelljs\package.json
520 verbose targetResolver reading package data from C:\Users\Emil\Documents\Websites\ucl.dev\wp-content\themes\child\node_modules\sigmund\package.json
521 verbose targetResolver reading package data from C:\Users\Emil\Documents\Websites\ucl.dev\wp-content\themes\child\node_modules\signal-exit\package.json
522 verbose targetResolver reading package data from C:\Users\Emil\Documents\Websites\ucl.dev\wp-content\themes\child\node_modules\sntp\package.json
523 verbose targetResolver reading package data from C:\Users\Emil\Documents\Websites\ucl.dev\wp-content\themes\child\node_modules\source-map\package.json
524 verbose targetResolver reading package data from C:\Users\Emil\Documents\Websites\ucl.dev\wp-content\themes\child\node_modules\spdx-correct\package.json
525 verbose targetResolver reading package data from C:\Users\Emil\Documents\Websites\ucl.dev\wp-content\themes\child\node_modules\spdx-exceptions\package.json
526 verbose targetResolver reading package data from C:\Users\Emil\Documents\Websites\ucl.dev\wp-content\themes\child\node_modules\spdx-expression-parse\package.json
527 verbose targetResolver reading package data from C:\Users\Emil\Documents\Websites\ucl.dev\wp-content\themes\child\node_modules\spdx-license-ids\package.json
528 verbose targetResolver reading package data from C:\Users\Emil\Documents\Websites\ucl.dev\wp-content\themes\child\node_modules\statuses\package.json
529 verbose targetResolver reading package data from C:\Users\Emil\Documents\Websites\ucl.dev\wp-content\themes\child\node_modules\string_decoder\package.json
530 verbose targetResolver reading package data from C:\Users\Emil\Documents\Websites\ucl.dev\wp-content\themes\child\node_modules\stringstream\package.json
531 verbose targetResolver reading package data from C:\Users\Emil\Documents\Websites\ucl.dev\wp-content\themes\child\node_modules\strip-ansi\package.json
532 verbose targetResolver reading package data from C:\Users\Emil\Documents\Websites\ucl.dev\wp-content\themes\child\node_modules\strip-bom\package.json
533 verbose targetResolver reading package data from C:\Users\Emil\Documents\Websites\ucl.dev\wp-content\themes\child\node_modules\strip-indent\package.json
534 verbose targetResolver reading package data from C:\Users\Emil\Documents\Websites\ucl.dev\wp-content\themes\child\node_modules\strip-json-comments\package.json
535 verbose targetResolver reading package data from C:\Users\Emil\Documents\Websites\ucl.dev\wp-content\themes\child\node_modules\supports-color\package.json
536 verbose targetResolver reading package data from C:\Users\Emil\Documents\Websites\ucl.dev\wp-content\themes\child\node_modules\tiny-lr\package.json
537 verbose targetResolver reading package data from C:\Users\Emil\Documents\Websites\ucl.dev\wp-content\themes\child\node_modules\tmp\package.json
538 verbose targetResolver reading package data from C:\Users\Emil\Documents\Websites\ucl.dev\wp-content\themes\child\node_modules\tough-cookie\package.json
539 verbose targetResolver reading package data from C:\Users\Emil\Documents\Websites\ucl.dev\wp-content\themes\child\node_modules\trim-newlines\package.json
540 verbose targetResolver reading package data from C:\Users\Emil\Documents\Websites\ucl.dev\wp-content\themes\child\node_modules\tunnel-agent\package.json
541 verbose targetResolver reading package data from C:\Users\Emil\Documents\Websites\ucl.dev\wp-content\themes\child\node_modules\type-is\package.json
542 verbose targetResolver reading package data from C:\Users\Emil\Documents\Websites\ucl.dev\wp-content\themes\child\node_modules\typedarray\package.json
543 verbose targetResolver reading package data from C:\Users\Emil\Documents\Websites\ucl.dev\wp-content\themes\child\node_modules\uglify-js\package.json
544 verbose targetResolver reading package data from C:\Users\Emil\Documents\Websites\ucl.dev\wp-content\themes\child\node_modules\uglify-to-browserify\package.json
545 verbose targetResolver reading package data from C:\Users\Emil\Documents\Websites\ucl.dev\wp-content\themes\child\node_modules\underscore\package.json
546 verbose targetResolver reading package data from C:\Users\Emil\Documents\Websites\ucl.dev\wp-content\themes\child\node_modules\underscore.string\package.json
547 verbose targetResolver reading package data from C:\Users\Emil\Documents\Websites\ucl.dev\wp-content\themes\child\node_modules\unpipe\package.json
548 verbose targetResolver reading package data from C:\Users\Emil\Documents\Websites\ucl.dev\wp-content\themes\child\node_modules\uri-path\package.json
549 verbose targetResolver reading package data from C:\Users\Emil\Documents\Websites\ucl.dev\wp-content\themes\child\node_modules\util-deprecate\package.json
550 verbose targetResolver reading package data from C:\Users\Emil\Documents\Websites\ucl.dev\wp-content\themes\child\node_modules\validate-npm-package-license\package.json
551 verbose targetResolver reading package data from C:\Users\Emil\Documents\Websites\ucl.dev\wp-content\themes\child\node_modules\websocket-driver\package.json
552 verbose targetResolver reading package data from C:\Users\Emil\Documents\Websites\ucl.dev\wp-content\themes\child\node_modules\websocket-extensions\package.json
553 verbose targetResolver reading package data from C:\Users\Emil\Documents\Websites\ucl.dev\wp-content\themes\child\node_modules\which\package.json
554 verbose targetResolver reading package data from C:\Users\Emil\Documents\Websites\ucl.dev\wp-content\themes\child\node_modules\window-size\package.json
555 verbose targetResolver reading package data from C:\Users\Emil\Documents\Websites\ucl.dev\wp-content\themes\child\node_modules\wordwrap\package.json
556 verbose targetResolver reading package data from C:\Users\Emil\Documents\Websites\ucl.dev\wp-content\themes\child\node_modules\wrappy\package.json
557 verbose targetResolver reading package data from C:\Users\Emil\Documents\Websites\ucl.dev\wp-content\themes\child\node_modules\xtend\package.json
558 verbose targetResolver reading package data from C:\Users\Emil\Documents\Websites\ucl.dev\wp-content\themes\child\node_modules\yargs\package.json
559 verbose targetResolver reading package data from C:\Users\Emil\Documents\Websites\ucl.dev\wp-content\themes\child\node_modules\.bin\bin-version-check\package.json
560 verbose targetResolver reading package data from C:\Users\Emil\Documents\Websites\ucl.dev\wp-content\themes\child\node_modules\.bin\cake\package.json
561 verbose targetResolver reading package data from C:\Users\Emil\Documents\Websites\ucl.dev\wp-content\themes\child\node_modules\.bin\coffee\package.json
562 verbose targetResolver reading package data from C:\Users\Emil\Documents\Websites\ucl.dev\wp-content\themes\child\node_modules\.bin\esparse\package.json
563 verbose targetResolver reading package data from C:\Users\Emil\Documents\Websites\ucl.dev\wp-content\themes\child\node_modules\.bin\esvalidate\package.json
564 verbose targetResolver reading package data from C:\Users\Emil\Documents\Websites\ucl.dev\wp-content\themes\child\node_modules\.bin\find-versions\package.json
565 verbose targetResolver reading package data from C:\Users\Emil\Documents\Websites\ucl.dev\wp-content\themes\child\node_modules\.bin\grunt\package.json
566 verbose targetResolver reading package data from C:\Users\Emil\Documents\Websites\ucl.dev\wp-content\themes\child\node_modules\.bin\grunt-curl\package.json
567 verbose targetResolver reading package data from C:\Users\Emil\Documents\Websites\ucl.dev\wp-content\themes\child\node_modules\.bin\grunt-curl.cmd\package.json
568 verbose targetResolver reading package data from C:\Users\Emil\Documents\Websites\ucl.dev\wp-content\themes\child\node_modules\.bin\grunt.cmd\package.json
569 verbose targetResolver reading package data from C:\Users\Emil\Documents\Websites\ucl.dev\wp-content\themes\child\node_modules\.bin\gzip-size\package.json
570 verbose targetResolver reading package data from C:\Users\Emil\Documents\Websites\ucl.dev\wp-content\themes\child\node_modules\.bin\har-validator\package.json
571 verbose targetResolver reading package data from C:\Users\Emil\Documents\Websites\ucl.dev\wp-content\themes\child\node_modules\.bin\js-yaml\package.json
572 verbose targetResolver reading package data from C:\Users\Emil\Documents\Websites\ucl.dev\wp-content\themes\child\node_modules\.bin\jshint\package.json
573 verbose targetResolver reading package data from C:\Users\Emil\Documents\Websites\ucl.dev\wp-content\themes\child\node_modules\.bin\nopt\package.json
574 verbose targetResolver reading package data from C:\Users\Emil\Documents\Websites\ucl.dev\wp-content\themes\child\node_modules\.bin\pretty-bytes\package.json
575 verbose targetResolver reading package data from C:\Users\Emil\Documents\Websites\ucl.dev\wp-content\themes\child\node_modules\.bin\rimraf\package.json
576 verbose targetResolver reading package data from C:\Users\Emil\Documents\Websites\ucl.dev\wp-content\themes\child\node_modules\.bin\semver\package.json
577 verbose targetResolver reading package data from C:\Users\Emil\Documents\Websites\ucl.dev\wp-content\themes\child\node_modules\.bin\shjs\package.json
578 verbose targetResolver reading package data from C:\Users\Emil\Documents\Websites\ucl.dev\wp-content\themes\child\node_modules\.bin\strip-indent\package.json
579 verbose targetResolver reading package data from C:\Users\Emil\Documents\Websites\ucl.dev\wp-content\themes\child\node_modules\.bin\strip-json-comments\package.json
580 verbose targetResolver reading package data from C:\Users\Emil\Documents\Websites\ucl.dev\wp-content\themes\child\node_modules\.bin\uglifyjs\package.json
581 verbose targetResolver reading package data from C:\Users\Emil\Documents\Websites\ucl.dev\wp-content\themes\child\node_modules\.bin\uuid\package.json
582 verbose targetResolver reading package data from C:\Users\Emil\Documents\Websites\ucl.dev\wp-content\themes\child\node_modules\.bin\which\package.json
583 verbose already installed skipping grunt@~0.4.1 C:\Users\Emil\Documents\Websites\ucl.dev\wp-content\themes\child
584 silly install resolved []
585 verbose unlock done using C:\Users\Emil\AppData\Roaming\npm-cache\_locks\grunt-phpdocumentor-d49c661102dac0da.lock for C:\Users\Emil\Documents\Websites\ucl.dev\wp-content\themes\child\node_modules\grunt-phpdocumentor
586 verbose validateInstall loading C:\Users\Emil\Documents\Websites\ucl.dev\wp-content\themes\child\package.json for validation
587 verbose stack Error: The package grunt@1.0.1 does not satisfy its siblings' peerDependencies requirements!
587 verbose stack     at C:\Program Files\nodejs\node_modules\npm\lib\install.js:125:32
587 verbose stack     at C:\Program Files\nodejs\node_modules\npm\lib\install.js:268:7
587 verbose stack     at C:\Program Files\nodejs\node_modules\npm\node_modules\read-installed\read-installed.js:142:5
587 verbose stack     at C:\Program Files\nodejs\node_modules\npm\node_modules\read-installed\read-installed.js:263:14
587 verbose stack     at cb (C:\Program Files\nodejs\node_modules\npm\node_modules\slide\lib\async-map.js:47:24)
587 verbose stack     at C:\Program Files\nodejs\node_modules\npm\node_modules\read-installed\read-installed.js:263:14
587 verbose stack     at cb (C:\Program Files\nodejs\node_modules\npm\node_modules\slide\lib\async-map.js:47:24)
587 verbose stack     at C:\Program Files\nodejs\node_modules\npm\node_modules\read-installed\read-installed.js:263:14
587 verbose stack     at cb (C:\Program Files\nodejs\node_modules\npm\node_modules\slide\lib\async-map.js:47:24)
587 verbose stack     at C:\Program Files\nodejs\node_modules\npm\node_modules\read-installed\read-installed.js:263:14
588 verbose cwd C:\Users\Emil\Documents\Websites\ucl.dev\wp-content\themes\child
589 error Windows_NT 10.0.14393
590 error argv "C:\\Program Files\\nodejs\\node.exe" "C:\\Program Files\\nodejs\\node_modules\\npm\\bin\\npm-cli.js" "install" "grunt-phpdocumentor" "--save-dev"
591 error node v4.5.0
592 error npm  v2.15.9
593 error code EPEERINVALID
594 error peerinvalid The package grunt@1.0.1 does not satisfy its siblings' peerDependencies requirements!
594 error peerinvalid Peer grunt-contrib-jshint@1.0.0 wants grunt@>=0.4.0
594 error peerinvalid Peer grunt-phpdocumentor@0.4.1 wants grunt@~0.4.1
594 error peerinvalid Peer grunt-contrib-compass@1.1.1 wants grunt@>= 0.4.5
594 error peerinvalid Peer grunt-contrib-sass@1.0.0 wants grunt@>=0.4.0
594 error peerinvalid Peer grunt-wp-i18n@0.5.4 wants grunt@>=0.4.0
595 verbose exit [ 1, true ]
